build/app/intermediates/manifest_merge_blame_file/debug/manifest-merger-blame-debug-report.txt
1<?xml version="1.0" encoding="utf-8"?>
2<manifest xmlns:android="http://schemas.android.com/apk/res/android"
3    package="com.example.flutter_chat_app"
4    android:versionCode="1"
5    android:versionName="1.0.0" >
6
7    <uses-sdk
8        android:minSdkVersion="16"
9        android:targetSdkVersion="33" />
10    <!--
11         The INTERNET permission is required for development. Specifically,
12         the Flutter tool needs it to communicate with the running application
13         to allow setting breakpoints, to provide hot reload, etc.
14    -->
15    <uses-permission android:name="android.permission.INTERNET" />
15-->src\debug\AndroidManifest.xml:7:5-66
15-->src\debug\AndroidManifest.xml:7:22-64
16    <!-- Create a unique permission for your app and use it so only your app can receive your OneSignal messages. -->
17    <permission
17-->[com.onesignal:OneSignal:4.8.2] AndroidManifest.xml:7:5-9:47
18        android:name="com.example.flutter_chat_app.permission.C2D_MESSAGE"
18-->[com.onesignal:OneSignal:4.8.2] AndroidManifest.xml:8:9-63
19        android:protectionLevel="signature" />
19-->[com.onesignal:OneSignal:4.8.2] AndroidManifest.xml:9:9-44
20
21    <uses-permission android:name="com.example.flutter_chat_app.permission.C2D_MESSAGE" /> <!-- OneSignal SDK has runtime checks Android version. -->
21-->[com.onesignal:OneSignal:4.8.2] AndroidManifest.xml:11:5-79
21-->[com.onesignal:OneSignal:4.8.2] AndroidManifest.xml:11:22-76
22    <!-- <uses-sdk tools:overrideLibrary="android.support.customtabs"/> -->
23    <!-- Required runtime permission to display notifications on Android 13 -->
24    <uses-permission android:name="android.permission.POST_NOTIFICATIONS" /> <!-- c2dm RECEIVE are basic requirements for push messages through Google's FCM -->
24-->[com.onesignal:OneSignal:4.8.2] AndroidManifest.xml:16:5-77
24-->[com.onesignal:OneSignal:4.8.2] AndroidManifest.xml:16:22-74
25    <uses-permission android:name="com.google.android.c2dm.permission.RECEIVE" /> <!-- Required, makes sure notifications are delivered on time. -->
25-->[com.onesignal:OneSignal:4.8.2] AndroidManifest.xml:18:5-82
25-->[com.onesignal:OneSignal:4.8.2] AndroidManifest.xml:18:22-79
26    <uses-permission android:name="android.permission.WAKE_LOCK" />
26-->[com.onesignal:OneSignal:4.8.2] AndroidManifest.xml:19:5-68
26-->[com.onesignal:OneSignal:4.8.2] AndroidManifest.xml:19:22-65
27    <!--
28 Required so the device vibrates on receiving a push notification.
29         Vibration settings of the device still apply.
30    -->
31    <uses-permission android:name="android.permission.VIBRATE" />
31-->[com.onesignal:OneSignal:4.8.2] AndroidManifest.xml:24:5-66
31-->[com.onesignal:OneSignal:4.8.2] AndroidManifest.xml:24:22-63
32    <uses-permission android:name="android.permission.ACCESS_NETWORK_STATE" />
32-->[com.onesignal:OneSignal:4.8.2] AndroidManifest.xml:25:5-79
32-->[com.onesignal:OneSignal:4.8.2] AndroidManifest.xml:25:22-76
33    <!--
34 Use to restore notifications the user hasn't interacted with.
35         They could be missed notifications if the user reboots their device if this isn't in place.
36    -->
37    <uses-permission android:name="android.permission.RECEIVE_BOOT_COMPLETED" /> <!-- START: ShortcutBadger -->
37-->[com.onesignal:OneSignal:4.8.2] AndroidManifest.xml:30:5-81
37-->[com.onesignal:OneSignal:4.8.2] AndroidManifest.xml:30:22-78
38    <!-- Samsung -->
39    <uses-permission android:name="com.sec.android.provider.badge.permission.READ" />
39-->[com.onesignal:OneSignal:4.8.2] AndroidManifest.xml:32:5-86
39-->[com.onesignal:OneSignal:4.8.2] AndroidManifest.xml:32:22-83
40    <uses-permission android:name="com.sec.android.provider.badge.permission.WRITE" /> <!-- HTC -->
40-->[com.onesignal:OneSignal:4.8.2] AndroidManifest.xml:33:5-87
40-->[com.onesignal:OneSignal:4.8.2] AndroidManifest.xml:33:22-84
41    <uses-permission android:name="com.htc.launcher.permission.READ_SETTINGS" />
41-->[com.onesignal:OneSignal:4.8.2] AndroidManifest.xml:34:5-81
41-->[com.onesignal:OneSignal:4.8.2] AndroidManifest.xml:34:22-78
42    <uses-permission android:name="com.htc.launcher.permission.UPDATE_SHORTCUT" /> <!-- Sony -->
42-->[com.onesignal:OneSignal:4.8.2] AndroidManifest.xml:35:5-83
42-->[com.onesignal:OneSignal:4.8.2] AndroidManifest.xml:35:22-80
43    <uses-permission android:name="com.sonyericsson.home.permission.BROADCAST_BADGE" />
43-->[com.onesignal:OneSignal:4.8.2] AndroidManifest.xml:36:5-88
43-->[com.onesignal:OneSignal:4.8.2] AndroidManifest.xml:36:22-85
44    <uses-permission android:name="com.sonymobile.home.permission.PROVIDER_INSERT_BADGE" /> <!-- Apex -->
44-->[com.onesignal:OneSignal:4.8.2] AndroidManifest.xml:37:5-92
44-->[com.onesignal:OneSignal:4.8.2] AndroidManifest.xml:37:22-89
45    <uses-permission android:name="com.anddoes.launcher.permission.UPDATE_COUNT" /> <!-- Solid -->
45-->[com.onesignal:OneSignal:4.8.2] AndroidManifest.xml:38:5-84
45-->[com.onesignal:OneSignal:4.8.2] AndroidManifest.xml:38:22-81
46    <uses-permission android:name="com.majeur.launcher.permission.UPDATE_BADGE" /> <!-- Huawei -->
46-->[com.onesignal:OneSignal:4.8.2] AndroidManifest.xml:39:5-83
46-->[com.onesignal:OneSignal:4.8.2] AndroidManifest.xml:39:22-80
47    <uses-permission android:name="com.huawei.android.launcher.permission.CHANGE_BADGE" />
47-->[com.onesignal:OneSignal:4.8.2] AndroidManifest.xml:40:5-91
47-->[com.onesignal:OneSignal:4.8.2] AndroidManifest.xml:40:22-88
48    <uses-permission android:name="com.huawei.android.launcher.permission.READ_SETTINGS" />
48-->[com.onesignal:OneSignal:4.8.2] AndroidManifest.xml:41:5-92
48-->[com.onesignal:OneSignal:4.8.2] AndroidManifest.xml:41:22-89
49    <uses-permission android:name="com.huawei.android.launcher.permission.WRITE_SETTINGS" /> <!-- ZUK -->
49-->[com.onesignal:OneSignal:4.8.2] AndroidManifest.xml:42:5-93
49-->[com.onesignal:OneSignal:4.8.2] AndroidManifest.xml:42:22-90
50    <uses-permission android:name="android.permission.READ_APP_BADGE" /> <!-- OPPO -->
50-->[com.onesignal:OneSignal:4.8.2] AndroidManifest.xml:43:5-73
50-->[com.onesignal:OneSignal:4.8.2] AndroidManifest.xml:43:22-70
51    <uses-permission android:name="com.oppo.launcher.permission.READ_SETTINGS" />
51-->[com.onesignal:OneSignal:4.8.2] AndroidManifest.xml:44:5-82
51-->[com.onesignal:OneSignal:4.8.2] AndroidManifest.xml:44:22-79
52    <uses-permission android:name="com.oppo.launcher.permission.WRITE_SETTINGS" /> <!-- EvMe -->
52-->[com.onesignal:OneSignal:4.8.2] AndroidManifest.xml:45:5-83
52-->[com.onesignal:OneSignal:4.8.2] AndroidManifest.xml:45:22-80
53    <uses-permission android:name="me.everything.badger.permission.BADGE_COUNT_READ" />
53-->[com.onesignal:OneSignal:4.8.2] AndroidManifest.xml:46:5-88
53-->[com.onesignal:OneSignal:4.8.2] AndroidManifest.xml:46:22-85
54    <uses-permission android:name="me.everything.badger.permission.BADGE_COUNT_WRITE" />
54-->[com.onesignal:OneSignal:4.8.2] AndroidManifest.xml:47:5-89
54-->[com.onesignal:OneSignal:4.8.2] AndroidManifest.xml:47:22-86
55    <uses-permission android:name="android.permission.FOREGROUND_SERVICE" />
55-->[androidx.work:work-runtime:2.7.1] AndroidManifest.xml:28:5-77
55-->[androidx.work:work-runtime:2.7.1] AndroidManifest.xml:28:22-74
56
57    <application
58        android:name="android.app.Application"
59        android:appComponentFactory="androidx.core.app.CoreComponentFactory"
59-->[androidx.core:core:1.7.0] AndroidManifest.xml:24:18-86
60        android:debuggable="true"
61        android:icon="@mipmap/ic_launcher"
62        android:label="flutter_chat_app" >
63        <activity
64            android:name="com.example.flutter_chat_app.MainActivity"
65            android:configChanges="orientation|keyboardHidden|keyboard|screenSize|smallestScreenSize|locale|layoutDirection|fontScale|screenLayout|density|uiMode"
66            android:exported="true"
67            android:hardwareAccelerated="true"
68            android:launchMode="singleTop"
69            android:theme="@style/LaunchTheme"
70            android:windowSoftInputMode="adjustResize" >
71
72            <!--
73                 Specifies an Android theme to apply to this Activity as soon as
74                 the Android process has started. This theme is visible to the user
75                 while the Flutter UI initializes. After that, this theme continues
76                 to determine the Window background behind the Flutter UI.
77            -->
78            <meta-data
79                android:name="io.flutter.embedding.android.NormalTheme"
80                android:resource="@style/NormalTheme" />
81
82            <intent-filter>
83                <action android:name="android.intent.action.MAIN" />
84
85                <category android:name="android.intent.category.LAUNCHER" />
86            </intent-filter>
87        </activity>
88        <!--
89             Don't delete the meta-data below.
90             This is used by the Flutter tool to generate GeneratedPluginRegistrant.java
91        -->
92        <meta-data
93            android:name="flutterEmbedding"
94            android:value="2" />
95
96        <activity
96-->[:url_launcher_android] AndroidManifest.xml:10:9-13:74
97            android:name="io.flutter.plugins.urllauncher.WebViewActivity"
97-->[:url_launcher_android] AndroidManifest.xml:11:13-74
98            android:exported="false"
98-->[:url_launcher_android] AndroidManifest.xml:12:13-37
99            android:theme="@android:style/Theme.NoTitleBar.Fullscreen" />
99-->[:url_launcher_android] AndroidManifest.xml:13:13-71
100
101        <receiver
101-->[com.onesignal:OneSignal:4.8.2] AndroidManifest.xml:50:9-61:20
102            android:name="com.onesignal.FCMBroadcastReceiver"
102-->[com.onesignal:OneSignal:4.8.2] AndroidManifest.xml:51:13-62
103            android:exported="true"
103-->[com.onesignal:OneSignal:4.8.2] AndroidManifest.xml:52:13-36
104            android:permission="com.google.android.c2dm.permission.SEND" >
104-->[com.onesignal:OneSignal:4.8.2] AndroidManifest.xml:53:13-73
105
106            <!-- High priority so OneSignal payloads can be filtered from other FCM receivers -->
107            <intent-filter android:priority="999" >
107-->[com.onesignal:OneSignal:4.8.2] AndroidManifest.xml:56:13-60:29
107-->[com.onesignal:OneSignal:4.8.2] AndroidManifest.xml:56:28-50
108                <action android:name="com.google.android.c2dm.intent.RECEIVE" />
108-->[com.onesignal:OneSignal:4.8.2] AndroidManifest.xml:57:17-81
108-->[com.onesignal:OneSignal:4.8.2] AndroidManifest.xml:57:25-78
109
110                <category android:name="com.example.flutter_chat_app" />
110-->[com.onesignal:OneSignal:4.8.2] AndroidManifest.xml:59:17-61
110-->[com.onesignal:OneSignal:4.8.2] AndroidManifest.xml:59:27-58
111            </intent-filter>
112        </receiver>
113
114        <service
114-->[com.onesignal:OneSignal:4.8.2] AndroidManifest.xml:63:9-69:19
115            android:name="com.onesignal.HmsMessageServiceOneSignal"
115-->[com.onesignal:OneSignal:4.8.2] AndroidManifest.xml:64:13-68
116            android:exported="false" >
116-->[com.onesignal:OneSignal:4.8.2] AndroidManifest.xml:65:13-37
117            <intent-filter>
117-->[com.onesignal:OneSignal:4.8.2] AndroidManifest.xml:66:13-68:29
118                <action android:name="com.huawei.push.action.MESSAGING_EVENT" />
118-->[com.onesignal:OneSignal:4.8.2] AndroidManifest.xml:67:17-81
118-->[com.onesignal:OneSignal:4.8.2] AndroidManifest.xml:67:25-78
119            </intent-filter>
120        </service>
121
122        <activity
122-->[com.onesignal:OneSignal:4.8.2] AndroidManifest.xml:71:9-79:20
123            android:name="com.onesignal.NotificationOpenedActivityHMS"
123-->[com.onesignal:OneSignal:4.8.2] AndroidManifest.xml:72:13-71
124            android:exported="true"
124-->[com.onesignal:OneSignal:4.8.2] AndroidManifest.xml:73:13-36
125            android:noHistory="true"
125-->[com.onesignal:OneSignal:4.8.2] AndroidManifest.xml:74:13-37
126            android:theme="@android:style/Theme.Translucent.NoTitleBar" >
126-->[com.onesignal:OneSignal:4.8.2] AndroidManifest.xml:75:13-72
127            <intent-filter>
127-->[com.onesignal:OneSignal:4.8.2] AndroidManifest.xml:76:13-78:29
128                <action android:name="android.intent.action.VIEW" />
128-->[com.onesignal:OneSignal:4.8.2] AndroidManifest.xml:77:17-69
128-->[com.onesignal:OneSignal:4.8.2] AndroidManifest.xml:77:25-66
129            </intent-filter>
130        </activity>
131
132        <service
132-->[com.onesignal:OneSignal:4.8.2] AndroidManifest.xml:81:9-83:40
133            android:name="com.onesignal.FCMIntentService"
133-->[com.onesignal:OneSignal:4.8.2] AndroidManifest.xml:82:13-58
134            android:exported="false" />
134-->[com.onesignal:OneSignal:4.8.2] AndroidManifest.xml:83:13-37
135        <service
135-->[com.onesignal:OneSignal:4.8.2] AndroidManifest.xml:84:9-87:72
136            android:name="com.onesignal.FCMIntentJobService"
136-->[com.onesignal:OneSignal:4.8.2] AndroidManifest.xml:85:13-61
137            android:exported="false"
137-->[com.onesignal:OneSignal:4.8.2] AndroidManifest.xml:86:13-37
138            android:permission="android.permission.BIND_JOB_SERVICE" />
138-->[com.onesignal:OneSignal:4.8.2] AndroidManifest.xml:87:13-69
139        <service
139-->[com.onesignal:OneSignal:4.8.2] AndroidManifest.xml:88:9-91:43
140            android:name="com.onesignal.SyncService"
140-->[com.onesignal:OneSignal:4.8.2] AndroidManifest.xml:89:13-53
141            android:exported="false"
141-->[com.onesignal:OneSignal:4.8.2] AndroidManifest.xml:90:13-37
142            android:stopWithTask="true" />
142-->[com.onesignal:OneSignal:4.8.2] AndroidManifest.xml:91:13-40
143        <service
143-->[com.onesignal:OneSignal:4.8.2] AndroidManifest.xml:92:9-95:72
144            android:name="com.onesignal.SyncJobService"
144-->[com.onesignal:OneSignal:4.8.2] AndroidManifest.xml:93:13-56
145            android:exported="false"
145-->[com.onesignal:OneSignal:4.8.2] AndroidManifest.xml:94:13-37
146            android:permission="android.permission.BIND_JOB_SERVICE" />
146-->[com.onesignal:OneSignal:4.8.2] AndroidManifest.xml:95:13-69
147
148        <activity
148-->[com.onesignal:OneSignal:4.8.2] AndroidManifest.xml:97:9-100:75
149            android:name="com.onesignal.PermissionsActivity"
149-->[com.onesignal:OneSignal:4.8.2] AndroidManifest.xml:98:13-61
150            android:exported="false"
150-->[com.onesignal:OneSignal:4.8.2] AndroidManifest.xml:99:13-37
151            android:theme="@android:style/Theme.Translucent.NoTitleBar" />
151-->[com.onesignal:OneSignal:4.8.2] AndroidManifest.xml:100:13-72
152
153        <receiver
153-->[com.onesignal:OneSignal:4.8.2] AndroidManifest.xml:102:9-104:39
154            android:name="com.onesignal.NotificationDismissReceiver"
154-->[com.onesignal:OneSignal:4.8.2] AndroidManifest.xml:103:13-69
155            android:exported="true" />
155-->[com.onesignal:OneSignal:4.8.2] AndroidManifest.xml:104:13-36
156        <receiver
156-->[com.onesignal:OneSignal:4.8.2] AndroidManifest.xml:105:9-112:20
157            android:name="com.onesignal.BootUpReceiver"
157-->[com.onesignal:OneSignal:4.8.2] AndroidManifest.xml:106:13-56
158            android:exported="true" >
158-->[com.onesignal:OneSignal:4.8.2] AndroidManifest.xml:107:13-36
159            <intent-filter>
159-->[com.onesignal:OneSignal:4.8.2] AndroidManifest.xml:108:13-111:29
160                <action android:name="android.intent.action.BOOT_COMPLETED" />
160-->[com.onesignal:OneSignal:4.8.2] AndroidManifest.xml:109:17-79
160-->[com.onesignal:OneSignal:4.8.2] AndroidManifest.xml:109:25-76
161                <action android:name="android.intent.action.QUICKBOOT_POWERON" />
161-->[com.onesignal:OneSignal:4.8.2] AndroidManifest.xml:110:17-82
161-->[com.onesignal:OneSignal:4.8.2] AndroidManifest.xml:110:25-79
162            </intent-filter>
163        </receiver>
164        <receiver
164-->[com.onesignal:OneSignal:4.8.2] AndroidManifest.xml:113:9-119:20
165            android:name="com.onesignal.UpgradeReceiver"
165-->[com.onesignal:OneSignal:4.8.2] AndroidManifest.xml:114:13-57
166            android:exported="true" >
166-->[com.onesignal:OneSignal:4.8.2] AndroidManifest.xml:115:13-36
167            <intent-filter>
167-->[com.onesignal:OneSignal:4.8.2] AndroidManifest.xml:116:13-118:29
168                <action android:name="android.intent.action.MY_PACKAGE_REPLACED" />
168-->[com.onesignal:OneSignal:4.8.2] AndroidManifest.xml:117:17-84
168-->[com.onesignal:OneSignal:4.8.2] AndroidManifest.xml:117:25-81
169            </intent-filter>
170        </receiver>
171
172        <activity
172-->[com.onesignal:OneSignal:4.8.2] AndroidManifest.xml:121:9-127:75
173            android:name="com.onesignal.NotificationOpenedReceiver"
173-->[com.onesignal:OneSignal:4.8.2] AndroidManifest.xml:122:13-68
174            android:excludeFromRecents="true"
174-->[com.onesignal:OneSignal:4.8.2] AndroidManifest.xml:123:13-46
175            android:exported="true"
175-->[com.onesignal:OneSignal:4.8.2] AndroidManifest.xml:124:13-36
176            android:noHistory="true"
176-->[com.onesignal:OneSignal:4.8.2] AndroidManifest.xml:125:13-37
177            android:taskAffinity=""
177-->[com.onesignal:OneSignal:4.8.2] AndroidManifest.xml:126:13-36
178            android:theme="@android:style/Theme.Translucent.NoTitleBar" />
178-->[com.onesignal:OneSignal:4.8.2] AndroidManifest.xml:127:13-72
179        <activity
179-->[com.onesignal:OneSignal:4.8.2] AndroidManifest.xml:128:9-133:75
180            android:name="com.onesignal.NotificationOpenedReceiverAndroid22AndOlder"
180-->[com.onesignal:OneSignal:4.8.2] AndroidManifest.xml:129:13-85
181            android:excludeFromRecents="true"
181-->[com.onesignal:OneSignal:4.8.2] AndroidManifest.xml:130:13-46
182            android:exported="true"
182-->[com.onesignal:OneSignal:4.8.2] AndroidManifest.xml:131:13-36
183            android:noHistory="true"
183-->[com.onesignal:OneSignal:4.8.2] AndroidManifest.xml:132:13-37
184            android:theme="@android:style/Theme.Translucent.NoTitleBar" />
184-->[com.onesignal:OneSignal:4.8.2] AndroidManifest.xml:133:13-72
185
186        <uses-library
186-->[androidx.window:window:1.0.0-beta04] AndroidManifest.xml:25:9-27:40
187            android:name="androidx.window.extensions"
187-->[androidx.window:window:1.0.0-beta04] AndroidManifest.xml:26:13-54
188            android:required="false" />
188-->[androidx.window:window:1.0.0-beta04] AndroidManifest.xml:27:13-37
189        <uses-library
189-->[androidx.window:window:1.0.0-beta04] AndroidManifest.xml:28:9-30:40
190            android:name="androidx.window.sidecar"
190-->[androidx.window:window:1.0.0-beta04] AndroidManifest.xml:29:13-51
191            android:required="false" />
191-->[androidx.window:window:1.0.0-beta04] AndroidManifest.xml:30:13-37
192
193        <activity
193-->[com.google.android.gms:play-services-base:17.6.0] AndroidManifest.xml:23:9-26:75
194            android:name="com.google.android.gms.common.api.GoogleApiActivity"
194-->[com.google.android.gms:play-services-base:17.6.0] AndroidManifest.xml:24:13-79
195            android:exported="false"
195-->[com.google.android.gms:play-services-base:17.6.0] AndroidManifest.xml:25:13-37
196            android:theme="@android:style/Theme.Translucent.NoTitleBar" />
196-->[com.google.android.gms:play-services-base:17.6.0] AndroidManifest.xml:26:13-72
197
198        <receiver
198-->[com.google.firebase:firebase-messaging:22.0.0] AndroidManifest.xml:28:9-35:20
199            android:name="com.google.firebase.iid.FirebaseInstanceIdReceiver"
199-->[com.google.firebase:firebase-messaging:22.0.0] AndroidManifest.xml:29:13-78
200            android:exported="true"
200-->[com.google.firebase:firebase-messaging:22.0.0] AndroidManifest.xml:30:13-36
201            android:permission="com.google.android.c2dm.permission.SEND" >
201-->[com.google.firebase:firebase-messaging:22.0.0] AndroidManifest.xml:31:13-73
202            <intent-filter>
202-->[com.google.firebase:firebase-messaging:22.0.0] AndroidManifest.xml:32:13-34:29
203                <action android:name="com.google.android.c2dm.intent.RECEIVE" />
203-->[com.onesignal:OneSignal:4.8.2] AndroidManifest.xml:57:17-81
203-->[com.onesignal:OneSignal:4.8.2] AndroidManifest.xml:57:25-78
204            </intent-filter>
205        </receiver>
206        <!--
207             FirebaseMessagingService performs security checks at runtime,
208             but set to not exported to explicitly avoid allowing another app to call it.
209        -->
210        <service
210-->[com.google.firebase:firebase-messaging:22.0.0] AndroidManifest.xml:41:9-48:19
211            android:name="com.google.firebase.messaging.FirebaseMessagingService"
211-->[com.google.firebase:firebase-messaging:22.0.0] AndroidManifest.xml:42:13-82
212            android:directBootAware="true"
212-->[com.google.firebase:firebase-messaging:22.0.0] AndroidManifest.xml:43:13-43
213            android:exported="false" >
213-->[com.google.firebase:firebase-messaging:22.0.0] AndroidManifest.xml:44:13-37
214            <intent-filter android:priority="-500" >
214-->[com.google.firebase:firebase-messaging:22.0.0] AndroidManifest.xml:45:13-47:29
214-->[com.google.firebase:firebase-messaging:22.0.0] AndroidManifest.xml:45:28-51
215                <action android:name="com.google.firebase.MESSAGING_EVENT" />
215-->[com.google.firebase:firebase-messaging:22.0.0] AndroidManifest.xml:46:17-78
215-->[com.google.firebase:firebase-messaging:22.0.0] AndroidManifest.xml:46:25-75
216            </intent-filter>
217        </service>
218        <service
218-->[com.google.firebase:firebase-messaging:22.0.0] AndroidManifest.xml:49:9-55:19
219            android:name="com.google.firebase.components.ComponentDiscoveryService"
219-->[com.google.firebase:firebase-messaging:22.0.0] AndroidManifest.xml:50:13-84
220            android:directBootAware="true"
220-->[com.google.firebase:firebase-common:20.0.0] AndroidManifest.xml:35:13-43
221            android:exported="false" >
221-->[com.google.firebase:firebase-messaging:22.0.0] AndroidManifest.xml:51:13-37
222            <meta-data
222-->[com.google.firebase:firebase-messaging:22.0.0] AndroidManifest.xml:52:13-54:85
223                android:name="com.google.firebase.components:com.google.firebase.messaging.FirebaseMessagingRegistrar"
223-->[com.google.firebase:firebase-messaging:22.0.0] AndroidManifest.xml:53:17-119
224                android:value="com.google.firebase.components.ComponentRegistrar" />
224-->[com.google.firebase:firebase-messaging:22.0.0] AndroidManifest.xml:54:17-82
225            <meta-data
225-->[com.google.firebase:firebase-datatransport:18.0.0] AndroidManifest.xml:28:13-30:85
226                android:name="com.google.firebase.components:com.google.firebase.datatransport.TransportRegistrar"
226-->[com.google.firebase:firebase-datatransport:18.0.0] AndroidManifest.xml:29:17-115
227                android:value="com.google.firebase.components.ComponentRegistrar" />
227-->[com.google.firebase:firebase-datatransport:18.0.0] AndroidManifest.xml:30:17-82
228            <meta-data
228-->[com.google.firebase:firebase-installations:17.0.0] AndroidManifest.xml:18:13-20:85
229                android:name="com.google.firebase.components:com.google.firebase.installations.FirebaseInstallationsRegistrar"
229-->[com.google.firebase:firebase-installations:17.0.0] AndroidManifest.xml:19:17-127
230                android:value="com.google.firebase.components.ComponentRegistrar" />
230-->[com.google.firebase:firebase-installations:17.0.0] AndroidManifest.xml:20:17-82
231        </service>
232
233        <provider
233-->[com.google.firebase:firebase-common:20.0.0] AndroidManifest.xml:26:9-31:39
234            android:name="com.google.firebase.provider.FirebaseInitProvider"
234-->[com.google.firebase:firebase-common:20.0.0] AndroidManifest.xml:27:13-77
235            android:authorities="com.example.flutter_chat_app.firebaseinitprovider"
235-->[com.google.firebase:firebase-common:20.0.0] AndroidManifest.xml:28:13-72
236            android:directBootAware="true"
236-->[com.google.firebase:firebase-common:20.0.0] AndroidManifest.xml:29:13-43
237            android:exported="false"
237-->[com.google.firebase:firebase-common:20.0.0] AndroidManifest.xml:30:13-37
238            android:initOrder="100" />
238-->[com.google.firebase:firebase-common:20.0.0] AndroidManifest.xml:31:13-36
239
240        <meta-data
240-->[com.google.android.gms:play-services-basement:17.6.0] AndroidManifest.xml:23:9-25:69
241            android:name="com.google.android.gms.version"
241-->[com.google.android.gms:play-services-basement:17.6.0] AndroidManifest.xml:24:13-58
242            android:value="@integer/google_play_services_version" />
242-->[com.google.android.gms:play-services-basement:17.6.0] AndroidManifest.xml:25:13-66
243
244        <provider
244-->[androidx.work:work-runtime:2.7.1] AndroidManifest.xml:31:9-39:20
245            android:name="androidx.startup.InitializationProvider"
245-->[androidx.work:work-runtime:2.7.1] AndroidManifest.xml:32:13-67
246            android:authorities="com.example.flutter_chat_app.androidx-startup"
246-->[androidx.work:work-runtime:2.7.1] AndroidManifest.xml:33:13-68
247            android:exported="false" >
247-->[androidx.work:work-runtime:2.7.1] AndroidManifest.xml:34:13-37
248            <meta-data
248-->[androidx.work:work-runtime:2.7.1] AndroidManifest.xml:36:13-38:52
249                android:name="androidx.work.WorkManagerInitializer"
249-->[androidx.work:work-runtime:2.7.1] AndroidManifest.xml:37:17-68
250                android:value="androidx.startup" />
250-->[androidx.work:work-runtime:2.7.1] AndroidManifest.xml:38:17-49
251        </provider>
252
253        <service
253-->[androidx.work:work-runtime:2.7.1] AndroidManifest.xml:41:9-46:35
254            android:name="androidx.work.impl.background.systemalarm.SystemAlarmService"
254-->[androidx.work:work-runtime:2.7.1] AndroidManifest.xml:42:13-88
255            android:directBootAware="false"
255-->[androidx.work:work-runtime:2.7.1] AndroidManifest.xml:43:13-44
256            android:enabled="@bool/enable_system_alarm_service_default"
256-->[androidx.work:work-runtime:2.7.1] AndroidManifest.xml:44:13-72
257            android:exported="false" />
257-->[androidx.work:work-runtime:2.7.1] AndroidManifest.xml:45:13-37
258        <service
258-->[androidx.work:work-runtime:2.7.1] AndroidManifest.xml:47:9-53:35
259            android:name="androidx.work.impl.background.systemjob.SystemJobService"
259-->[androidx.work:work-runtime:2.7.1] AndroidManifest.xml:48:13-84
260            android:directBootAware="false"
260-->[androidx.work:work-runtime:2.7.1] AndroidManifest.xml:49:13-44
261            android:enabled="@bool/enable_system_job_service_default"
261-->[androidx.work:work-runtime:2.7.1] AndroidManifest.xml:50:13-70
262            android:exported="true"
262-->[androidx.work:work-runtime:2.7.1] AndroidManifest.xml:51:13-36
263            android:permission="android.permission.BIND_JOB_SERVICE" />
263-->[androidx.work:work-runtime:2.7.1] AndroidManifest.xml:52:13-69
264        <service
264-->[androidx.work:work-runtime:2.7.1] AndroidManifest.xml:54:9-59:35
265            android:name="androidx.work.impl.foreground.SystemForegroundService"
265-->[androidx.work:work-runtime:2.7.1] AndroidManifest.xml:55:13-81
266            android:directBootAware="false"
266-->[androidx.work:work-runtime:2.7.1] AndroidManifest.xml:56:13-44
267            android:enabled="@bool/enable_system_foreground_service_default"
267-->[androidx.work:work-runtime:2.7.1] AndroidManifest.xml:57:13-77
268            android:exported="false" />
268-->[androidx.work:work-runtime:2.7.1] AndroidManifest.xml:58:13-37
269
270        <receiver
270-->[androidx.work:work-runtime:2.7.1] AndroidManifest.xml:61:9-66:35
271            android:name="androidx.work.impl.utils.ForceStopRunnable$BroadcastReceiver"
271-->[androidx.work:work-runtime:2.7.1] AndroidManifest.xml:62:13-88
272            android:directBootAware="false"
272-->[androidx.work:work-runtime:2.7.1] AndroidManifest.xml:63:13-44
273            android:enabled="true"
273-->[androidx.work:work-runtime:2.7.1] AndroidManifest.xml:64:13-35
274            android:exported="false" />
274-->[androidx.work:work-runtime:2.7.1] AndroidManifest.xml:65:13-37
275        <receiver
275-->[androidx.work:work-runtime:2.7.1] AndroidManifest.xml:67:9-77:20
276            android:name="androidx.work.impl.background.systemalarm.ConstraintProxy$BatteryChargingProxy"
276-->[androidx.work:work-runtime:2.7.1] AndroidManifest.xml:68:13-106
277            android:directBootAware="false"
277-->[androidx.work:work-runtime:2.7.1] AndroidManifest.xml:69:13-44
278            android:enabled="false"
278-->[androidx.work:work-runtime:2.7.1] AndroidManifest.xml:70:13-36
279            android:exported="false" >
279-->[androidx.work:work-runtime:2.7.1] AndroidManifest.xml:71:13-37
280            <intent-filter>
280-->[androidx.work:work-runtime:2.7.1] AndroidManifest.xml:73:13-76:29
281                <action android:name="android.intent.action.ACTION_POWER_CONNECTED" />
281-->[androidx.work:work-runtime:2.7.1] AndroidManifest.xml:74:17-87
281-->[androidx.work:work-runtime:2.7.1] AndroidManifest.xml:74:25-84
282                <action android:name="android.intent.action.ACTION_POWER_DISCONNECTED" />
282-->[androidx.work:work-runtime:2.7.1] AndroidManifest.xml:75:17-90
282-->[androidx.work:work-runtime:2.7.1] AndroidManifest.xml:75:25-87
283            </intent-filter>
284        </receiver>
285        <receiver
285-->[androidx.work:work-runtime:2.7.1] AndroidManifest.xml:78:9-88:20
286            android:name="androidx.work.impl.background.systemalarm.ConstraintProxy$BatteryNotLowProxy"
286-->[androidx.work:work-runtime:2.7.1] AndroidManifest.xml:79:13-104
287            android:directBootAware="false"